#
# There is insufficient memory for the Java Runtime Environment to continue.
# Native memory allocation (malloc) failed to allocate 32744 bytes. Error detail: Chunk::new
# Possible reasons:
#   The system is out of physical RAM or swap space
#   This process is running with CompressedOops enabled, and the Java Heap may be blocking the growth of the native heap
# Possible solutions:
#   Reduce memory load on the system
#   Increase physical memory or swap space
#   Check if swap backing store is full
#   Decrease Java heap size (-Xmx/-Xms)
#   Decrease number of Java threads
#   Decrease Java thread stack sizes (-Xss)
#   Set larger code cache with -XX:ReservedCodeCacheSize=
#
#  
#
# V  [jvm.dll+0x6e2279]  (no source info available)
V  [jvm.dll+0x874e33]  (no source info available)
V  [jvm.dll+0x87725e]  (no source info available)
V  [jvm.dll+0x877933]  (no source info available)
V  [jvm.dll+0x27fd76]  (no source info available)
V  [jvm.dll+0xc3d0f]  (no source info available)
V  [jvm.dll+0xc40fb]  (no source info available)
V  [jvm.dll+0xc3bbb]  (no source info available)
V  [jvm.dll+0x6bd520]  (no source info available)
V  [jvm.dll+0x6bd2ce]  (no source info available)
V  [jvm.dll+0x6f324f]  (no source info available)
V  [jvm.dll+0x246c1b]  (no source info available)
V  [jvm.dll+0x1c4e90]  (no source info available)
V  [jvm.dll+0x2569fe]  (no source info available)
V  [jvm.dll+0x254cba]  (no source info available)
V  [jvm.dll+0x3f5336]  (no source info available)
V  [jvm.dll+0x81d44b]  (no source info available)
V  [jvm.dll+0x6e0915]  (no source info available)
C  [ucrtbase.dll+0x29333]  (no source info available)
C  [KERNEL32.DLL+0x1257d]  (no source info available)
C  [ntdll.dll+0x5af08]  (no source info available)


---------------  P R O C E S S  ---------------

Threads class SMR info:
_java_thread_list=0x00000212454e5cd0, length=17, elements={
0x0000021272cfbd50, 0x0000021272d01580, 0x0000021272d05fa0, 0x0000021272d07b00,
0x0000021272d0cf30, 0x0000021272d34010, 0x0000021272d36af0, 0x0000021272d3a270,
0x00000212452bced0, 0x00000212452be910, 0x00000212452bc840, 0x00000212452bf630,
0x00000212452bfcc0, 0x00000212452befa0, 0x00000212452bd560, 0x00000212452bdbf0,
0x00000212452be280
}

Java Threads: ( => current thread )
  0x0000021272cfbd50 JavaThread "Reference Handler"          daemon [_thread_blocked, id=26928, stack(0x000000b51bd00000,0x000000b51be00000) (1024K)]
  0x0000021272d01580 JavaThread "Finalizer"                  daemon [_thread_blocked, id=26888, stack(0x000000b51be00000,0x000000b51bf00000) (1024K)]
  0x0000021272d05fa0 JavaThread "Signal Dispatcher"          daemon [_thread_blocked, id=10432, stack(0x000000b51bf00000,0x000000b51c000000) (1024K)]
  0x0000021272d07b00 JavaThread "Attach Listener"            daemon [_thread_blocked, id=21560, stack(0x000000b51c000000,0x000000b51c100000) (1024K)]
  0x0000021272d0cf30 JavaThread "Service Thread"             daemon [_thread_blocked, id=23048, stack(0x000000b51c100000,0x000000b51c200000) (1024K)]
  0x0000021272d34010 JavaThread "Monitor Deflation Thread"   daemon [_thread_blocked, id=19856, stack(0x000000b51c200000,0x000000b51c300000) (1024K)]
=>0x0000021272d36af0 JavaThread "C2 CompilerThread0"         daemon [_thread_in_native, id=25732, stack(0x000000b51c300000,0x000000b51c400000) (1024K)]
  0x0000021272d3a270 JavaThread "C1 CompilerThread0"         daemon [_thread_blocked, id=27568, stack(0x000000b51c400000,0x000000b51c500000) (1024K)]
  0x00000212452bced0 JavaThread "Notification Thread"        daemon [_thread_blocked, id=27340, stack(0x000000b51c500000,0x000000b51c600000) (1024K)]
  0x00000212452be910 JavaThread "Common-Cleaner"             daemon [_thread_blocked, id=26892, stack(0x000000b51c600000,0x000000b51c700000) (1024K)]
  0x00000212452bc840 JavaThread "Java2D Disposer"            daemon [_thread_blocked, id=23348, stack(0x000000b51c700000,0x000000b51c800000) (1024K)]
  0x00000212452bf630 JavaThread "AWT-Shutdown"                      [_thread_blocked, id=26944, stack(0x000000b51c800000,0x000000b51c900000) (1024K)]
  0x00000212452bfcc0 JavaThread "AWT-Windows"                daemon [_thread_in_native, id=27468, stack(0x000000b51c900000,0x000000b51ca00000) (1024K)]
  0x00000212452befa0 JavaThread "AWT-EventQueue-0"                  [_thread_blocked, id=7372, stack(0x000000b51ca00000,0x000000b51cb00000) (1024K)]
  0x00000212452bd560 JavaThread "DestroyJavaVM"                     [_thread_blocked, id=27560, stack(0x000000b51b500000,0x000000b51b600000) (1024K)]
  0x00000212452bdbf0 JavaThread "TimerQueue"                 daemon [_thread_blocked, id=17224, stack(0x000000b51ce00000,0x000000b51cf00000) (1024K)]
  0x00000212452be280 JavaThread "Thread-0"                          [_thread_blocked, id=22804, stack(0x000000b51cf00000,0x000000b51d000000) (1024K)]
Total: 17

Other Threads:
  0x0000021272ce3370 VMThread "VM Thread"                           [id=26388, stack(0x000000b51bc00000,0x000000b51bd00000) (1024K)]
  0x0000021272cc78a0 WatcherThread "VM Periodic Task Thread"        [id=24956, stack(0x000000b51bb00000,0x000000b51bc00000) (1024K)]
  0x000002125662e450 WorkerThread "GC Thread#0"                     [id=24492, stack(0x000000b51b600000,0x000000b51b700000) (1024K)]
  0x000002125663f440 ConcurrentGCThread "G1 Main Marker"            [id=4480, stack(0x000000b51b700000,0x000000b51b800000) (1024K)]
  0x00000212566406f0 WorkerThread "G1 Conc#0"                       [id=26756, stack(0x000000b51b800000,0x000000b51b900000) (1024K)]
  0x0000021272b9c530 ConcurrentGCThread "G1 Refine#0"               [id=27188, stack(0x000000b51b900000,0x000000b51ba00000) (1024K)]
  0x0000021272b9cf50 ConcurrentGCThread "G1 Service"                [id=24728, stack(0x000000b51ba00000,0x000000b51bb00000) (1024K)]
Total: 7

Threads with active compile tasks:
C2 CompilerThread0  309154 1451       4       java.util.Arrays::binarySearch0 (95 bytes)
Total: 1

VM state: not at safepoint (normal execution)

VM Mutex/Monitor currently owned by a thread: None

Heap address: 0x0000000084e00000, size: 1970 MB, Compressed Oops mode: 32-bit

CDS archive(s) mapped at: [0x0000021200000000-0x0000021200c60000-0x0000021200c60000), size 12976128, SharedBaseAddress: 0x0000021200000000, ArchiveRelocationMode: 1.
Compressed class space mapped at: 0x0000021201000000-0x0000021241000000, reserved size: 1073741824
Narrow klass base: 0x0000021200000000, Narrow klass shift: 0, Narrow klass range: 0x41000000

GC Precious Log:
 CardTable entry size: 512
 Card Set container configuration: InlinePtr #cards 5 size 8 Array Of Cards #cards 12 size 40 Howl #buckets 4 coarsen threshold 1843 Howl Bitmap #cards 512 size 80 coarsen threshold 460 Card regions per heap region 1 cards per card region 2048
 CPUs: 8 total, 8 available
 Memory: 7879M
 Large Page Support: Disabled
 NUMA Support: Disabled
 Compressed Oops: Enabled (32-bit)
 Heap Region Size: 1M
 Heap Min Capacity: 8M
 Heap Initial Capacity: 124M
 Heap Max Capacity: 1970M
 Pre-touch: Disabled
 Parallel Workers: 8
 Concurrent Workers: 2
 Concurrent Refinement Workers: 8
 Periodic GC: Disabled

Heap:
 garbage-first heap   total reserved 2017280K, committed 126976K, used 25600K [0x0000000084e00000, 0x0000000100000000)
  region size 1024K, 19 young (19456K), 0 survivors (0K)
 Metaspace       used 9540K, committed 9728K, reserved 1114112K
  class space    used 1101K, committed 1152K, reserved 1048576K

Heap Regions: E=young(eden), S=young(survivor), O=old, HS=humongous(starts), HC=humongous(continues), CS=collection set, F=free, TAMS=top-at-mark-start, PB=parsable bottom
|   0|0x0000000084e00000, 0x0000000084f00000, 0x0000000084f00000|100%|HS|  |TAMS 0x0000000084e00000| PB 0x0000000084e00000| Complete |  0
|   1|0x0000000084f00000, 0x0000000085000000, 0x0000000085000000|100%|HC|  |TAMS 0x0000000084f00000| PB 0x0000000084f00000| Complete |  0
|   2|0x0000000085000000, 0x0000000085100000, 0x0000000085100000|100%|HC|  |TAMS 0x0000000085000000| PB 0x0000000085000000| Complete |  0
|   3|0x0000000085100000, 0x0000000085200000, 0x0000000085200000|100%|HC|  |TAMS 0x0000000085100000| PB 0x0000000085100000| Complete |  0
|   4|0x0000000085200000, 0x0000000085300000, 0x0000000085300000|100%|HC|  |TAMS 0x0000000085200000| PB 0x0000000085200000| Complete |  0
|   5|0x0000000085300000, 0x0000000085400000, 0x0000000085400000|100%|HC|  |TAMS 0x0000000085300000| PB 0x0000000085300000| Complete |  0
|   6|0x0000000085400000, 0x0000000085500000, 0x0000000085500000|100%|HC|  |TAMS 0x0000000085400000| PB 0x0000000085400000| Complete |  0
|   7|0x0000000085500000, 0x0000000085500000, 0x0000000085600000|  0%| F|  |TAMS 0x0000000085500000| PB 0x0000000085500000| Untracked |  0
|   8|0x0000000085600000, 0x0000000085600000, 0x0000000085700000|  0%| F|  |TAMS 0x0000000085600000| PB 0x0000000085600000| Untracked |  0
|   9|0x0000000085700000, 0x0000000085700000, 0x0000000085800000|  0%| F|  |TAMS 0x0000000085700000| PB 0x0000000085700000| Untracked |  0
|  10|0x0000000085800000, 0x0000000085800000, 0x0000000085900000|  0%| F|  |TAMS 0x0000000085800000| PB 0x0000000085800000| Untracked |  0
|  11|0x0000000085900000, 0x0000000085900000, 0x0000000085a00000|  0%| F|  |TAMS 0x0000000085900000| PB 0x0000000085900000| Untracked |  0
|  12|0x0000000085a00000, 0x0000000085a00000, 0x0000000085b00000|  0%| F|  |TAMS 0x0000000085a00000| PB 0x0000000085a00000| Untracked |  0
|  13|0x0000000085b00000, 0x0000000085b00000, 0x0000000085c00000|  0%| F|  |TAMS 0x0000000085b00000| PB 0x0000000085b00000| Untracked |  0
|  14|0x0000000085c00000, 0x0000000085c00000, 0x0000000085d00000|  0%| F|  |TAMS 0x0000000085c00000| PB 0x0000000085c00000| Untracked |  0
|  15|0x0000000085d00000, 0x0000000085d00000, 0x0000000085e00000|  0%| F|  |TAMS 0x0000000085d00000| PB 0x0000000085d00000| Untracked |  0
|  16|0x0000000085e00000, 0x0000000085e00000, 0x0000000085f00000|  0%| F|  |TAMS 0x0000000085e00000| PB 0x0000000085e00000| Untracked |  0
|  17|0x0000000085f00000, 0x0000000085f00000, 0x0000000086000000|  0%| F|  |TAMS 0x0000000085f00000| PB 0x0000000085f00000| Untracked |  0
|  18|0x0000000086000000, 0x0000000086000000, 0x0000000086100000|  0%| F|  |TAMS 0x0000000086000000| PB 0x0000000086000000| Untracked |  0
|  19|0x0000000086100000, 0x0000000086100000, 0x0000000086200000|  0%| F|  |TAMS 0x0000000086100000| PB 0x0000000086100000| Untracked |  0
|  20|0x0000000086200000, 0x0000000086200000, 0x0000000086300000|  0%| F|  |TAMS 0x0000000086200000| PB 0x0000000086200000| Untracked |  0
|  21|0x0000000086300000, 0x0000000086300000, 0x0000000086400000|  0%| F|  |TAMS 0x0000000086300000| PB 0x0000000086300000| Untracked |  0
|  22|0x0000000086400000, 0x0000000086400000, 0x0000000086500000|  0%| F|  |TAMS 0x0000000086400000| PB 0x0000000086400000| Untracked |  0
|  23|0x0000000086500000, 0x0000000086500000, 0x0000000086600000|  0%| F|  |TAMS 0x0000000086500000| PB 0x0000000086500000| Untracked |  0
|  24|0x0000000086600000, 0x0000000086600000, 0x0000000086700000|  0%| F|  |TAMS 0x0000000086600000| PB 0x0000000086600000| Untracked |  0
|  25|0x0000000086700000, 0x0000000086700000, 0x0000000086800000|  0%| F|  |TAMS 0x0000000086700000| PB 0x0000000086700000| Untracked |  0
|  26|0x0000000086800000, 0x0000000086800000, 0x0000000086900000|  0%| F|  |TAMS 0x0000000086800000| PB 0x0000000086800000| Untracked |  0
|  27|0x0000000086900000, 0x0000000086900000, 0x0000000086a00000|  0%| F|  |TAMS 0x0000000086900000| PB 0x0000000086900000| Untracked |  0
|  28|0x0000000086a00000, 0x0000000086a00000, 0x0000000086b00000|  0%| F|  |TAMS 0x0000000086a00000| PB 0x0000000086a00000| Untracked |  0
|  29|0x0000000086b00000, 0x0000000086b00000, 0x0000000086c00000|  0%| F|  |TAMS 0x0000000086b00000| PB 0x0000000086b00000| Untracked |  0
|  30|0x0000000086c00000, 0x0000000086c00000, 0x0000000086d00000|  0%| F|  |TAMS 0x0000000086c00000| PB 0x0000000086c00000| Untracked |  0
|  31|0x0000000086d00000, 0x0000000086d00000, 0x0000000086e00000|  0%| F|  |TAMS 0x0000000086d00000| PB 0x0000000086d00000| Untracked |  0
|  32|0x0000000086e00000, 0x0000000086e00000, 0x0000000086f00000|  0%| F|  |TAMS 0x0000000086e00000| PB 0x0000000086e00000| Untracked |  0
|  33|0x0000000086f00000, 0x0000000086f00000, 0x0000000087000000|  0%| F|  |TAMS 0x0000000086f00000| PB 0x0000000086f00000| Untracked |  0
|  34|0x0000000087000000, 0x0000000087000000, 0x0000000087100000|  0%| F|  |TAMS 0x0000000087000000| PB 0x0000000087000000| Untracked |  0
|  35|0x0000000087100000, 0x0000000087100000, 0x0000000087200000|  0%| F|  |TAMS 0x0000000087100000| PB 0x0000000087100000| Untracked |  0
|  36|0x0000000087200000, 0x0000000087200000, 0x0000000087300000|  0%| F|  |TAMS 0x0000000087200000| PB 0x0000000087200000| Untracked |  0
|  37|0x0000000087300000, 0x0000000087300000, 0x0000000087400000|  0%| F|  |TAMS 0x0000000087300000| PB 0x0000000087300000| Untracked |  0
|  38|0x0000000087400000, 0x0000000087400000, 0x0000000087500000|  0%| F|  |TAMS 0x0000000087400000| PB 0x0000000087400000| Untracked |  0
|  39|0x0000000087500000, 0x0000000087500000, 0x0000000087600000|  0%| F|  |TAMS 0x0000000087500000| PB 0x0000000087500000| Untracked |  0
|  40|0x0000000087600000, 0x0000000087600000, 0x0000000087700000|  0%| F|  |TAMS 0x0000000087600000| PB 0x0000000087600000| Untracked |  0
|  41|0x0000000087700000, 0x0000000087700000, 0x0000000087800000|  0%| F|  |TAMS 0x0000000087700000| PB 0x0000000087700000| Untracked |  0
|  42|0x0000000087800000, 0x0000000087800000, 0x0000000087900000|  0%| F|  |TAMS 0x0000000087800000| PB 0x0000000087800000| Untracked |  0
|  43|0x0000000087900000, 0x0000000087900000, 0x0000000087a00000|  0%| F|  |TAMS 0x0000000087900000| PB 0x0000000087900000| Untracked |  0
|  44|0x0000000087a00000, 0x0000000087a00000, 0x0000000087b00000|  0%| F|  |TAMS 0x0000000087a00000| PB 0x0000000087a00000| Untracked |  0
|  45|0x0000000087b00000, 0x0000000087b00000, 0x0000000087c00000|  0%| F|  |TAMS 0x0000000087b00000| PB 0x0000000087b00000| Untracked |  0
|  46|0x0000000087c00000, 0x0000000087c00000, 0x0000000087d00000|  0%| F|  |TAMS 0x0000000087c00000| PB 0x0000000087c00000| Untracked |  0
|  47|0x0000000087d00000, 0x0000000087d00000, 0x0000000087e00000|  0%| F|  |TAMS 0x0000000087d00000| PB 0x0000000087d00000| Untracked |  0
|  48|0x0000000087e00000, 0x0000000087e00000, 0x0000000087f00000|  0%| F|  |TAMS 0x0000000087e00000| PB 0x0000000087e00000| Untracked |  0
|  49|0x0000000087f00000, 0x0000000087f00000, 0x0000000088000000|  0%| F|  |TAMS 0x0000000087f00000| PB 0x0000000087f00000| Untracked |  0
|  50|0x0000000088000000, 0x0000000088000000, 0x0000000088100000|  0%| F|  |TAMS 0x0000000088000000| PB 0x0000000088000000| Untracked |  0
|  51|0x0000000088100000, 0x0000000088100000, 0x0000000088200000|  0%| F|  |TAMS 0x0000000088100000| PB 0x0000000088100000| Untracked |  0
|  52|0x0000000088200000, 0x0000000088200000, 0x0000000088300000|  0%| F|  |TAMS 0x0000000088200000| PB 0x0000000088200000| Untracked |  0
|  53|0x0000000088300000, 0x0000000088300000, 0x0000000088400000|  0%| F|  |TAMS 0x0000000088300000| PB 0x0000000088300000| Untracked |  0
|  54|0x0000000088400000, 0x0000000088400000, 0x0000000088500000|  0%| F|  |TAMS 0x0000000088400000| PB 0x0000000088400000| Untracked |  0
|  55|0x0000000088500000, 0x0000000088500000, 0x0000000088600000|  0%| F|  |TAMS 0x0000000088500000| PB 0x0000000088500000| Untracked |  0
|  56|0x0000000088600000, 0x0000000088600000, 0x0000000088700000|  0%| F|  |TAMS 0x0000000088600000| PB 0x0000000088600000| Untracked |  0
|  57|0x0000000088700000, 0x0000000088700000, 0x0000000088800000|  0%| F|  |TAMS 0x0000000088700000| PB 0x0000000088700000| Untracked |  0
|  58|0x0000000088800000, 0x0000000088800000, 0x0000000088900000|  0%| F|  |TAMS 0x0000000088800000| PB 0x0000000088800000| Untracked |  0
|  59|0x0000000088900000, 0x0000000088900000, 0x0000000088a00000|  0%| F|  |TAMS 0x0000000088900000| PB 0x0000000088900000| Untracked |  0
|  60|0x0000000088a00000, 0x0000000088a00000, 0x0000000088b00000|  0%| F|  |TAMS 0x0000000088a00000| PB 0x0000000088a00000| Untracked |  0
|  61|0x0000000088b00000, 0x0000000088b00000, 0x0000000088c00000|  0%| F|  |TAMS 0x0000000088b00000| PB 0x0000000088b00000| Untracked |  0
|  62|0x0000000088c00000, 0x0000000088c00000, 0x0000000088d00000|  0%| F|  |TAMS 0x0000000088c00000| PB 0x0000000088c00000| Untracked |  0
|  63|0x0000000088d00000, 0x0000000088d00000, 0x0000000088e00000|  0%| F|  |TAMS 0x0000000088d00000| PB 0x0000000088d00000| Untracked |  0
|  64|0x0000000088e00000, 0x0000000088e00000, 0x0000000088f00000|  0%| F|  |TAMS 0x0000000088e00000| PB 0x0000000088e00000| Untracked |  0
|  65|0x0000000088f00000, 0x0000000088f00000, 0x0000000089000000|  0%| F|  |TAMS 0x0000000088f00000| PB 0x0000000088f00000| Untracked |  0
|  66|0x0000000089000000, 0x0000000089000000, 0x0000000089100000|  0%| F|  |TAMS 0x0000000089000000| PB 0x0000000089000000| Untracked |  0
|  67|0x0000000089100000, 0x0000000089100000, 0x0000000089200000|  0%| F|  |TAMS 0x0000000089100000| PB 0x0000000089100000| Untracked |  0
|  68|0x0000000089200000, 0x0000000089200000, 0x0000000089300000|  0%| F|  |TAMS 0x0000000089200000| PB 0x0000000089200000| Untracked |  0
|  69|0x0000000089300000, 0x0000000089300000, 0x0000000089400000|  0%| F|  |TAMS 0x0000000089300000| PB 0x0000000089300000| Untracked |  0
|  70|0x0000000089400000, 0x0000000089400000, 0x0000000089500000|  0%| F|  |TAMS 0x0000000089400000| PB 0x0000000089400000| Untracked |  0
|  71|0x0000000089500000, 0x0000000089500000, 0x0000000089600000|  0%| F|  |TAMS 0x0000000089500000| PB 0x0000000089500000| Untracked |  0
|  72|0x0000000089600000, 0x0000000089600000, 0x0000000089700000|  0%| F|  |TAMS 0x0000000089600000| PB 0x0000000089600000| Untracked |  0
|  73|0x0000000089700000, 0x0000000089700000, 0x0000000089800000|  0%| F|  |TAMS 0x0000000089700000| PB 0x0000000089700000| Untracked |  0
|  74|0x0000000089800000, 0x0000000089800000, 0x0000000089900000|  0%| F|  |TAMS 0x0000000089800000| PB 0x0000000089800000| Untracked |  0
|  75|0x0000000089900000, 0x0000000089900000, 0x0000000089a00000|  0%| F|  |TAMS 0x0000000089900000| PB 0x0000000089900000| Untracked |  0
|  76|0x0000000089a00000, 0x0000000089a00000, 0x0000000089b00000|  0%| F|  |TAMS 0x0000000089a00000| PB 0x0000000089a00000| Untracked |  0
|  77|0x0000000089b00000, 0x0000000089b00000, 0x0000000089c00000|  0%| F|  |TAMS 0x0000000089b00000| PB 0x0000000089b00000| Untracked |  0
|  78|0x0000000089c00000, 0x0000000089c00000, 0x0000000089d00000|  0%| F|  |TAMS 0x0000000089c00000| PB 0x0000000089c00000| Untracked |  0
|  79|0x0000000089d00000, 0x0000000089d00000, 0x0000000089e00000|  0%| F|  |TAMS 0x0000000089d00000| PB 0x0000000089d00000| Untracked |  0
|  80|0x0000000089e00000, 0x0000000089e00000, 0x0000000089f00000|  0%| F|  |TAMS 0x0000000089e00000| PB 0x0000000089e00000| Untracked |  0
|  81|0x0000000089f00000, 0x0000000089f00000, 0x000000008a000000|  0%| F|  |TAMS 0x0000000089f00000| PB 0x0000000089f00000| Untracked |  0
|  82|0x000000008a000000, 0x000000008a000000, 0x000000008a100000|  0%| F|  |TAMS 0x000000008a000000| PB 0x000000008a000000| Untracked |  0
|  83|0x000000008a100000, 0x000000008a100000, 0x000000008a200000|  0%| F|  |TAMS 0x000000008a100000| PB 0x000000008a100000| Untracked |  0
|  84|0x000000008a200000, 0x000000008a200000, 0x000000008a300000|  0%| F|  |TAMS 0x000000008a200000| PB 0x000000008a200000| Untracked |  0
|  85|0x000000008a300000, 0x000000008a300000, 0x000000008a400000|  0%| F|  |TAMS 0x000000008a300000| PB 0x000000008a300000| Untracked |  0
|  86|0x000000008a400000, 0x000000008a400000, 0x000000008a500000|  0%| F|  |TAMS 0x000000008a400000| PB 0x000000008a400000| Untracked |  0
|  87|0x000000008a500000, 0x000000008a500000, 0x000000008a600000|  0%| F|  |TAMS 0x000000008a500000| PB 0x000000008a500000| Untracked |  0
|  88|0x000000008a600000, 0x000000008a600000, 0x000000008a700000|  0%| F|  |TAMS 0x000000008a600000| PB 0x000000008a600000| Untracked |  0
|  89|0x000000008a700000, 0x000000008a700000, 0x000000008a800000|  0%| F|  |TAMS 0x000000008a700000| PB 0x000000008a700000| Untracked |  0
|  90|0x000000008a800000, 0x000000008a800000, 0x000000008a900000|  0%| F|  |TAMS 0x000000008a800000| PB 0x000000008a800000| Untracked |  0
|  91|0x000000008a900000, 0x000000008a900000, 0x000000008aa00000|  0%| F|  |TAMS 0x000000008a900000| PB 0x000000008a900000| Untracked |  0
|  92|0x000000008aa00000, 0x000000008aa00000, 0x000000008ab00000|  0%| F|  |TAMS 0x000000008aa00000| PB 0x000000008aa00000| Untracked |  0
|  93|0x000000008ab00000, 0x000000008ab00000, 0x000000008ac00000|  0%| F|  |TAMS 0x000000008ab00000| PB 0x000000008ab00000| Untracked |  0
|  94|0x000000008ac00000, 0x000000008ac00000, 0x000000008ad00000|  0%| F|  |TAMS 0x000000008ac00000| PB 0x000000008ac00000| Untracked |  0
|  95|0x000000008ad00000, 0x000000008ad00000, 0x000000008ae00000|  0%| F|  |TAMS 0x000000008ad00000| PB 0x000000008ad00000| Untracked |  0
|  96|0x000000008ae00000, 0x000000008ae00000, 0x000000008af00000|  0%| F|  |TAMS 0x000000008ae00000| PB 0x000000008ae00000| Untracked |  0
|  97|0x000000008af00000, 0x000000008af00000, 0x000000008b000000|  0%| F|  |TAMS 0x000000008af00000| PB 0x000000008af00000| Untracked |  0
|  98|0x000000008b000000, 0x000000008b000000, 0x000000008b100000|  0%| F|  |TAMS 0x000000008b000000| PB 0x000000008b000000| Untracked |  0
|  99|0x000000008b100000, 0x000000008b100000, 0x000000008b200000|  0%| F|  |TAMS 0x000000008b100000| PB 0x000000008b100000| Untracked |  0
| 100|0x000000008b200000, 0x000000008b200000, 0x000000008b300000|  0%| F|  |TAMS 0x000000008b200000| PB 0x000000008b200000| Untracked |  0
| 101|0x000000008b300000, 0x000000008b300000, 0x000000008b400000|  0%| F|  |TAMS 0x000000008b300000| PB 0x000000008b300000| Untracked |  0
| 102|0x000000008b400000, 0x000000008b400000, 0x000000008b500000|  0%| F|  |TAMS 0x000000008b400000| PB 0x000000008b400000| Untracked |  0
| 103|0x000000008b500000, 0x000000008b500000, 0x000000008b600000|  0%| F|  |TAMS 0x000000008b500000| PB 0x000000008b500000| Untracked |  0
| 104|0x000000008b600000, 0x000000008b600000, 0x000000008b700000|  0%| F|  |TAMS 0x000000008b600000| PB 0x000000008b600000| Untracked |  0
| 105|0x000000008b700000, 0x000000008b7f5c50, 0x000000008b800000| 96%| E|  |TAMS 0x000000008b700000| PB 0x000000008b700000| Complete |  0
| 106|0x000000008b800000, 0x000000008b900000, 0x000000008b900000|100%| E|CS|TAMS 0x000000008b800000| PB 0x000000008b800000| Complete |  0
| 107|0x000000008b900000, 0x000000008ba00000, 0x000000008ba00000|100%| E|CS|TAMS 0x000000008b900000| PB 0x000000008b900000| Complete |  0
| 108|0x000000008ba00000, 0x000000008bb00000, 0x000000008bb00000|100%| E|CS|TAMS 0x000000008ba00000| PB 0x000000008ba00000| Complete |  0
| 109|0x000000008bb00000, 0x000000008bc00000, 0x000000008bc00000|100%| E|CS|TAMS 0x000000008bb00000| PB 0x000000008bb00000| Complete |  0
| 110|0x000000008bc00000, 0x000000008bd00000, 0x000000008bd00000|100%| E|CS|TAMS 0x000000008bc00000| PB 0x000000008bc00000| Complete |  0
| 111|0x000000008bd00000, 0x000000008be00000, 0x000000008be00000|100%| E|CS|TAMS 0x000000008bd00000| PB 0x000000008bd00000| Complete |  0
| 112|0x000000008be00000, 0x000000008bf00000, 0x000000008bf00000|100%| E|CS|TAMS 0x000000008be00000| PB 0x000000008be00000| Complete |  0
| 113|0x000000008bf00000, 0x000000008c000000, 0x000000008c000000|100%| E|CS|TAMS 0x000000008bf00000| PB 0x000000008bf00000| Complete |  0
| 114|0x000000008c000000, 0x000000008c100000, 0x000000008c100000|100%| E|CS|TAMS 0x000000008c000000| PB 0x000000008c000000| Complete |  0
| 115|0x000000008c100000, 0x000000008c200000, 0x000000008c200000|100%| E|CS|TAMS 0x000000008c100000| PB 0x000000008c100000| Complete |  0
| 116|0x000000008c200000, 0x000000008c300000, 0x000000008c300000|100%| E|CS|TAMS 0x000000008c200000| PB 0x000000008c200000| Complete |  0
| 117|0x000000008c300000, 0x000000008c400000, 0x000000008c400000|100%| E|CS|TAMS 0x000000008c300000| PB 0x000000008c300000| Complete |  0
| 118|0x000000008c400000, 0x000000008c500000, 0x000000008c500000|100%| E|CS|TAMS 0x000000008c400000| PB 0x000000008c400000| Complete |  0
| 119|0x000000008c500000, 0x000000008c600000, 0x000000008c600000|100%| E|CS|TAMS 0x000000008c500000| PB 0x000000008c500000| Complete |  0
| 120|0x000000008c600000, 0x000000008c700000, 0x000000008c700000|100%| E|CS|TAMS 0x000000008c600000| PB 0x000000008c600000| Complete |  0
| 121|0x000000008c700000, 0x000000008c800000, 0x000000008c800000|100%| E|CS|TAMS 0x000000008c700000| PB 0x000000008c700000| Complete |  0
| 122|0x000000008c800000, 0x000000008c900000, 0x000000008c900000|100%| E|CS|TAMS 0x000000008c800000| PB 0x000000008c800000| Complete |  0
| 123|0x000000008c900000, 0x000000008ca00000, 0x000000008ca00000|100%| E|CS|TAMS 0x000000008c900000| PB 0x000000008c900000| Complete |  0

Card table byte_map: [0x000002126e030000,0x000002126e410000] _byte_map_base: 0x000002126dc09000

Marking Bits: (CMBitMap*) 0x000002125662f370
 Bits: [0x000002126e410000, 0x00000212702d8000)

Polling page: 0x0000021254500000

Metaspace:

Usage:
  Non-class:      8.24 MB used.
      Class:      1.08 MB used.
       Both:      9.32 MB used.

Virtual space:
  Non-class space:       64.00 MB reserved,       8.38 MB ( 13%) committed,  1 nodes.
      Class space:        1.00 GB reserved,       1.12 MB ( <1%) committed,  1 nodes.
             Both:        1.06 GB reserved,       9.50 MB ( <1%) committed. 

Chunk freelists:
   Non-Class:  6.98 MB
       Class:  14.76 MB
        Both:  21.74 MB

MaxMetaspaceSize: unlimited
CompressedClassSpaceSize: 1.00 GB
Initial GC threshold: 21.00 MB
Current GC threshold: 21.00 MB
CDS: on
 - commit_granule_bytes: 65536.
 - commit_granule_words: 8192.
 - virtual_space_node_default_size: 8388608.
 - enlarge_chunks_in_place: 1.
 - use_allocation_guard: 0.


Internal statistics:

num_allocs_failed_limit: 0.
num_arena_births: 144.
num_arena_deaths: 0.
num_vsnodes_births: 2.
num_vsnodes_deaths: 0.
num_space_committed: 152.
num_space_uncommitted: 0.
num_chunks_returned_to_freelist: 0.
num_chunks_taken_from_freelist: 195.
num_chunk_merges: 0.
num_chunk_splits: 111.
num_chunks_enlarged: 41.
num_inconsistent_stats: 0.

CodeHeap 'non-profiled nmethods': size=120000Kb used=503Kb max_used=503Kb free=119496Kb
 bounds [0x00000212663f0000, 0x0000021266660000, 0x000002126d920000]
CodeHeap 'profiled nmethods': size=120000Kb used=2186Kb max_used=2186Kb free=117813Kb
 bounds [0x000002125e920000, 0x000002125eb90000, 0x0000021265e50000]
CodeHeap 'non-nmethods': size=5760Kb used=1776Kb max_used=1804Kb free=3983Kb
 bounds [0x0000021265e50000, 0x00000212660c0000, 0x00000212663f0000]
 total_blobs=2099 nmethods=1451 adapters=553
 compilation: enabled
              stopped_count=0, restarted_count=0
 full_count=0

Compilation events (20 events):
Event: 49.458 Thread 0x0000021272d36af0 nmethod 1442 0x000002126646a490 code [0x000002126646a620, 0x000002126646a6f0]
Event: 58.343 Thread 0x0000021272d36af0 1443       4       sun.awt.Win32GraphicsDevice::getDefaultConfiguration (105 bytes)
Event: 58.344 Thread 0x0000021272d36af0 nmethod 1443 0x000002126646a810 code [0x000002126646a980, 0x000002126646aa30]
Event: 94.249 Thread 0x0000021272d36af0 1444       4       sun.awt.Win32GraphicsEnvironment::getDefaultScreenDevice (44 bytes)
Event: 94.251 Thread 0x0000021272d36af0 nmethod 1444 0x000002126646ab10 code [0x000002126646aca0, 0x000002126646af18]
Event: 96.557 Thread 0x0000021272d36af0 1445       4       java.util.concurrent.TimeUnit::toNanos (45 bytes)
Event: 96.559 Thread 0x0000021272d36af0 nmethod 1445 0x000002126646b090 code [0x000002126646b220, 0x000002126646b340]
Event: 96.687 Thread 0x0000021272d36af0 1446       4       java.lang.Thread::sleep (29 bytes)
Event: 96.690 Thread 0x0000021272d36af0 nmethod 1446 0x000002126646b410 code [0x000002126646b5c0, 0x000002126646b768]
Event: 96.704 Thread 0x0000021272d36af0 1447       4       com.Board::update (43 bytes)
Event: 96.746 Thread 0x0000021272d36af0 nmethod 1447 0x000002126646b910 code [0x000002126646bbe0, 0x000002126646cb60]
Event: 96.746 Thread 0x0000021272d36af0 1448       4       java.awt.MouseInfo::areScreenDevicesIndependent (42 bytes)
Event: 96.753 Thread 0x0000021272d36af0 nmethod 1448 0x000002126646d510 code [0x000002126646d6c0, 0x000002126646d8e0]
Event: 309.062 Thread 0x0000021272d3a270 1449       1       java.lang.invoke.DirectMethodHandle::isCrackable (5 bytes)
Event: 309.062 Thread 0x0000021272d3a270 nmethod 1449 0x000002126646db10 code [0x000002126646dca0, 0x000002126646dd70]
Event: 309.062 Thread 0x0000021272d3a270 1450       3       jdk.internal.misc.CDS::isSharingEnabled (4 bytes)
Event: 309.062 Thread 0x0000021272d3a270 nmethod 1450 0x000002125eb42290 code [0x000002125eb42420, 0x000002125eb42510]
Event: 309.082 Thread 0x0000021272d3a270 1452       3       java.lang.ref.PhantomReference::<init> (7 bytes)
Event: 309.082 Thread 0x0000021272d3a270 nmethod 1452 0x000002125eb42590 code [0x000002125eb42740, 0x000002125eb42a10]
Event: 309.084 Thread 0x0000021272d36af0 1451       4       java.util.Arrays::binarySearch0 (95 bytes)

GC Heap History (0 events):
No events

Dll operation events (9 events):
Event: 0.018 Loaded shared library C:\Program Files\Java\jdk-22\bin\java.dll
Event: 0.152 Loaded shared library C:\Program Files\Java\jdk-22\bin\jsvml.dll
Event: 0.266 Loaded shared library C:\Program Files\Java\jdk-22\bin\jimage.dll
Event: 0.275 Loaded shared library C:\Program Files\Java\jdk-22\bin\net.dll
Event: 0.279 Loaded shared library C:\Program Files\Java\jdk-22\bin\nio.dll
Event: 0.286 Loaded shared library C:\Program Files\Java\jdk-22\bin\zip.dll
Event: 0.324 Loaded shared library C:\Program Files\Java\jdk-22\bin\awt.dll
Event: 0.823 Loaded shared library C:\Program Files\Java\jdk-22\bin\freetype.dll
Event: 0.825 Loaded shared library C:\Program Files\Java\jdk-22\bin\fontmanager.dll

Deoptimization events (20 events):
Event: 4.314 Thread 0x00000212452befa0 Uncommon trap: trap_request=0xffffff6e fr.pc=0x00000212664378e8 relative=0x0000000000000248
Event: 4.314 Thread 0x00000212452befa0 Uncommon trap: reason=loop_limit_check action=maybe_recompile pc=0x00000212664378e8 method=java.awt.geom.AffineTransform.transform([FI[FII)V @ 536 c2
Event: 4.314 Thread 0x00000212452befa0 DEOPT PACKING pc=0x00000212664378e8 sp=0x000000b51cafe6d0
Event: 4.315 Thread 0x00000212452befa0 DEOPT UNPACKING pc=0x0000021265ea7da2 sp=0x000000b51cafe5e0 mode 2
Event: 7.039 Thread 0x00000212452befa0 Uncommon trap: trap_request=0xffffff45 fr.pc=0x000002126644769c relative=0x00000000000013dc
Event: 7.039 Thread 0x00000212452befa0 Uncommon trap: reason=unstable_if action=reinterpret pc=0x000002126644769c method=sun.java2d.marlin.Helpers.outcode(DD[D)I @ 57 c2
Event: 7.039 Thread 0x00000212452befa0 DEOPT PACKING pc=0x000002126644769c sp=0x000000b51cafe860
Event: 7.039 Thread 0x00000212452befa0 DEOPT UNPACKING pc=0x0000021265ea7da2 sp=0x000000b51cafe6d0 mode 2
Event: 7.040 Thread 0x00000212452befa0 Uncommon trap: trap_request=0xffffff45 fr.pc=0x000002126643ca3c relative=0x0000000000000b9c
Event: 7.040 Thread 0x00000212452befa0 Uncommon trap: reason=unstable_if action=reinterpret pc=0x000002126643ca3c method=sun.java2d.marlin.Helpers.outcode(DD[D)I @ 57 c2
Event: 7.040 Thread 0x00000212452befa0 DEOPT PACKING pc=0x000002126643ca3c sp=0x000000b51cafe710
Event: 7.040 Thread 0x00000212452befa0 DEOPT UNPACKING pc=0x0000021265ea7da2 sp=0x000000b51cafe658 mode 2
Event: 7.040 Thread 0x00000212452befa0 Uncommon trap: trap_request=0xffffff45 fr.pc=0x0000021266439240 relative=0x0000000000000120
Event: 7.040 Thread 0x00000212452befa0 Uncommon trap: reason=unstable_if action=reinterpret pc=0x0000021266439240 method=sun.java2d.marlin.Helpers.outcode(DD[D)I @ 57 c2
Event: 7.040 Thread 0x00000212452befa0 DEOPT PACKING pc=0x0000021266439240 sp=0x000000b51cafe6a0
Event: 7.040 Thread 0x00000212452befa0 DEOPT UNPACKING pc=0x0000021265ea7da2 sp=0x000000b51cafe648 mode 2
Event: 309.068 Thread 0x00000212452befa0 Uncommon trap: trap_request=0xffffff45 fr.pc=0x000002126646a9ec relative=0x000000000000006c
Event: 309.068 Thread 0x00000212452befa0 Uncommon trap: reason=unstable_if action=reinterpret pc=0x000002126646a9ec method=sun.awt.Win32GraphicsDevice.getDefaultConfiguration()Ljava/awt/GraphicsConfiguration; @ 4 c2
Event: 309.068 Thread 0x00000212452befa0 DEOPT PACKING pc=0x000002126646a9ec sp=0x000000b51cafed80
Event: 309.068 Thread 0x00000212452befa0 DEOPT UNPACKING pc=0x0000021265ea7da2 sp=0x000000b51cafed18 mode 2

Classes loaded (20 events):
Event: 2.440 Loading class jdk/internal/event/ThreadSleepEvent done
Event: 2.440 Loading class sun/awt/SunToolkit$1 done
Event: 2.457 Loading class java/awt/MouseInfo
Event: 2.458 Loading class java/awt/MouseInfo done
Event: 2.458 Loading class sun/awt/windows/WMouseInfoPeer
Event: 2.458 Loading class java/awt/peer/MouseInfoPeer
Event: 2.458 Loading class java/awt/peer/MouseInfoPeer done
Event: 2.458 Loading class sun/awt/windows/WMouseInfoPeer done
Event: 2.459 Loading class java/awt/PointerInfo
Event: 2.459 Loading class java/awt/PointerInfo done
Event: 2.463 Loading class java/awt/LightweightDispatcher$2
Event: 2.463 Loading class java/awt/LightweightDispatcher$2 done
Event: 309.059 Loading class java/lang/invoke/MethodHandle$1
Event: 309.059 Loading class java/lang/invoke/MethodHandle$1 done
Event: 309.072 Loading class java/util/WeakHashMap$KeyIterator
Event: 309.073 Loading class java/util/WeakHashMap$HashIterator
Event: 309.073 Loading class java/util/WeakHashMap$HashIterator done
Event: 309.073 Loading class java/util/WeakHashMap$KeyIterator done
Event: 309.073 Loading class javax/swing/RepaintManager$DisplayChangedRunnable
Event: 309.074 Loading class javax/swing/RepaintManager$DisplayChangedRunnable done

Classes unloaded (0 events):
No events

Classes redefined (0 events):
No events

Internal exceptions (11 events):
Event: 0.298 Thread 0x000002125431bb50 Exception <a 'java/lang/ClassNotFoundException'{0x000000008c700c58}: sun/awt/resources/spi/awtProvider> (0x000000008c700c58) 
thrown [s\open\src\hotspot\share\classfile\systemDictionary.cpp, line 313]
Event: 0.386 Thread 0x000002125431bb50 Exception <a 'java/io/FileNotFoundException'{0x000000008c7595a8}> (0x000000008c7595a8) 
thrown [s\open\src\hotspot\share\prims\jni.cpp, line 520]
Event: 0.448 Thread 0x000002125431bb50 Exception <a 'java/io/FileNotFoundException'{0x000000008c7879f8}> (0x000000008c7879f8) 
thrown [s\open\src\hotspot\share\prims\jni.cpp, line 520]
Event: 0.642 Thread 0x000002125431bb50 Exception <a 'java/lang/NoSuchMethodError'{0x000000008c519608}: 'void java.lang.invoke.DirectMethodHandle$Holder.invokeSpecial(java.lang.Object, java.lang.Object, java.lang.Object)'> (0x000000008c519608) 
thrown [s\open\src\hotspot\share\interpreter\linkResolver.cpp, line 774]
Event: 0.661 Thread 0x000002125431bb50 Exception <a 'java/lang/NoSuchMethodError'{0x000000008c53fa40}: 'java.lang.Object java.lang.invoke.DirectMethodHandle$Holder.newInvokeSpecial(java.lang.Object, java.lang.Object, java.lang.Object, java.lang.Object, java.lang.Object)'> (0x000000008c53fa40) 
thrown [s\open\src\hotspot\share\interpreter\linkResolver.cpp, line 774]
Event: 0.675 Thread 0x000002125431bb50 Exception <a 'java/lang/NoSuchMethodError'{0x000000008c56c3e0}: 'java.lang.Object java.lang.invoke.DirectMethodHandle$Holder.invokeStatic(java.lang.Object, int, java.lang.Object)'> (0x000000008c56c3e0) 
thrown [s\open\src\hotspot\share\interpreter\linkResolver.cpp, line 774]
Event: 0.716 Thread 0x000002125431bb50 Exception <a 'java/lang/ClassNotFoundException'{0x000000008c40e3c0}: com/sun/swing/internal/plaf/metal/resources/spi/metalProvider> (0x000000008c40e3c0) 
thrown [s\open\src\hotspot\share\classfile\systemDictionary.cpp, line 313]
Event: 0.718 Thread 0x000002125431bb50 Exception <a 'java/lang/ClassNotFoundException'{0x000000008c4123a0}: com/sun/swing/internal/plaf/basic/resources/spi/basicProvider> (0x000000008c4123a0) 
thrown [s\open\src\hotspot\share\classfile\systemDictionary.cpp, line 313]
Event: 0.741 Thread 0x000002125431bb50 Exception <a 'java/lang/NoSuchMethodError'{0x000000008c4321d8}: 'int java.lang.invoke.Invokers$Holder.invokeExact_MT(java.lang.Object, java.lang.Object)'> (0x000000008c4321d8) 
thrown [s\open\src\hotspot\share\interpreter\linkResolver.cpp, line 774]
Event: 0.782 Thread 0x00000212452bfcc0 Exception <a 'java/lang/NoSuchMethodError'{0x000000008c689df0}: 'void java.lang.invoke.DirectMethodHandle$Holder.invokeVirtual(java.lang.Object, java.lang.Object)'> (0x000000008c689df0) 
thrown [s\open\src\hotspot\share\interpreter\linkResolver.cpp, line 774]
Event: 0.815 Thread 0x000002125431bb50 Exception <a 'java/lang/NoSuchMethodError'{0x000000008c466f60}: 'void java.lang.invoke.DirectMethodHandle$Holder.invokeStaticInit(java.lang.Object)'> (0x000000008c466f60) 
thrown [s\open\src\hotspot\share\interpreter\linkResolver.cpp, line 774]

ZGC Phase Switch (0 events):
No events

VM Operations (20 events):
Event: 6.413 Executing VM operation: Cleanup
Event: 6.413 Executing VM operation: Cleanup done
Event: 7.414 Executing VM operation: Cleanup
Event: 7.414 Executing VM operation: Cleanup done
Event: 8.415 Executing VM operation: Cleanup
Event: 8.415 Executing VM operation: Cleanup done
Event: 9.422 Executing VM operation: Cleanup
Event: 9.422 Executing VM operation: Cleanup done
Event: 22.446 Executing VM operation: Cleanup
Event: 22.446 Executing VM operation: Cleanup done
Event: 27.448 Executing VM operation: Cleanup
Event: 27.448 Executing VM operation: Cleanup done
Event: 50.470 Executing VM operation: Cleanup
Event: 50.471 Executing VM operation: Cleanup done
Event: 58.491 Executing VM operation: Cleanup
Event: 58.491 Executing VM operation: Cleanup done
Event: 60.103 Executing VM operation: HandshakeAllThreads (HandshakeForDeflation)
Event: 60.103 Executing VM operation: HandshakeAllThreads (HandshakeForDeflation) done
Event: 60.103 Executing VM operation: RendezvousGCThreads
Event: 60.103 Executing VM operation: RendezvousGCThreads done

Events (20 events):
Event: 0.146 Thread 0x0000021272cfbd50 Thread added: 0x0000021272cfbd50
Event: 0.146 Thread 0x0000021272d01580 Thread added: 0x0000021272d01580
Event: 0.148 Thread 0x0000021272d05fa0 Thread added: 0x0000021272d05fa0
Event: 0.148 Thread 0x0000021272d07b00 Thread added: 0x0000021272d07b00
Event: 0.148 Thread 0x0000021272d0cf30 Thread added: 0x0000021272d0cf30
Event: 0.148 Thread 0x0000021272d34010 Thread added: 0x0000021272d34010
Event: 0.148 Thread 0x0000021272d36af0 Thread added: 0x0000021272d36af0
Event: 0.149 Thread 0x0000021272d3a270 Thread added: 0x0000021272d3a270
Event: 0.228 Thread 0x00000212452bced0 Thread added: 0x00000212452bced0
Event: 0.233 Thread 0x00000212452be910 Thread added: 0x00000212452be910
Event: 0.570 Thread 0x00000212452bc840 Thread added: 0x00000212452bc840
Event: 0.572 Thread 0x00000212452bf630 Thread added: 0x00000212452bf630
Event: 0.575 Thread 0x00000212452bfcc0 Thread added: 0x00000212452bfcc0
Event: 0.779 Thread 0x00000212452befa0 Thread added: 0x00000212452befa0
Event: 1.363 Thread 0x000002125431bb50 Thread exited: 0x000002125431bb50
Event: 1.363 Thread 0x00000212452bd560 Thread added: 0x00000212452bd560
Event: 1.485 Thread 0x00000212452bdbf0 Thread added: 0x00000212452bdbf0
Event: 2.440 Thread 0x00000212452be280 Thread added: 0x00000212452be280
Event: 5.525 Thread 0x00000212476563d0 Thread added: 0x00000212476563d0
Event: 5.705 Thread 0x00000212476563d0 Thread exited: 0x00000212476563d0


Dynamic libraries:
0x00007ff70c020000 - 0x00007ff70c030000 	C:\Program Files\Java\jdk-22\bin\javaw.exe
0x00007ff9f2e50000 - 0x00007ff9f3067000 	C:\WINDOWS\SYSTEM32\ntdll.dll
0x00007ff9f28a0000 - 0x00007ff9f2964000 	C:\WINDOWS\System32\KERNEL32.DLL
0x00007ff9f0590000 - 0x00007ff9f0947000 	C:\WINDOWS\System32\KERNELBASE.dll
0x00007ff9f0360000 - 0x00007ff9f0471000 	C:\WINDOWS\System32\ucrtbase.dll
0x00007ff9d7ae0000 - 0x00007ff9d7af7000 	C:\Program Files\Java\jdk-22\bin\jli.dll
0x00007ff9f2390000 - 0x00007ff9f2442000 	C:\WINDOWS\System32\ADVAPI32.dll
0x00007ff9f25e0000 - 0x00007ff9f2687000 	C:\WINDOWS\System32\msvcrt.dll
0x00007ff9f2530000 - 0x00007ff9f25d8000 	C:\WINDOWS\System32\sechost.dll
0x00007ff9d7b00000 - 0x00007ff9d7b1b000 	C:\Program Files\Java\jdk-22\bin\VCRUNTIME140.dll
0x00007ff9f0280000 - 0x00007ff9f02a8000 	C:\WINDOWS\System32\bcrypt.dll
0x00007ff9f1000000 - 0x00007ff9f1114000 	C:\WINDOWS\System32\RPCRT4.dll
0x00007ff9f2c60000 - 0x00007ff9f2e0f000 	C:\WINDOWS\System32\USER32.dll
0x00007ff9f0330000 - 0x00007ff9f0356000 	C:\WINDOWS\System32\win32u.dll
0x00007ff9d2910000 - 0x00007ff9d2ba3000 	C:\WINDOWS\WinSxS\amd64_microsoft.windows.common-controls_6595b64144ccf1df_6.0.22621.3672_none_2713b9d173822955\COMCTL32.dll
0x00007ff9f1fa0000 - 0x00007ff9f1fc9000 	C:\WINDOWS\System32\GDI32.dll
0x00007ff9f0160000 - 0x00007ff9f0278000 	C:\WINDOWS\System32\gdi32full.dll
0x00007ff9f0480000 - 0x00007ff9f051a000 	C:\WINDOWS\System32\msvcp_win.dll
0x00007ff9e4550000 - 0x00007ff9e455a000 	C:\WINDOWS\SYSTEM32\VERSION.dll
0x00007ff9f1fd0000 - 0x00007ff9f2001000 	C:\WINDOWS\System32\IMM32.DLL
0x00007ff9ebc20000 - 0x00007ff9ebc2c000 	C:\Program Files\Java\jdk-22\bin\vcruntime140_1.dll
0x00007ff9bf7a0000 - 0x00007ff9bf82e000 	C:\Program Files\Java\jdk-22\bin\msvcp140.dll
0x00007ff9a66c0000 - 0x00007ff9a7407000 	C:\Program Files\Java\jdk-22\bin\server\jvm.dll
0x00007ff9f2310000 - 0x00007ff9f2381000 	C:\WINDOWS\System32\WS2_32.dll
0x00007ff9f0030000 - 0x00007ff9f007d000 	C:\WINDOWS\SYSTEM32\POWRPROF.dll
0x00007ff9ea580000 - 0x00007ff9ea5b4000 	C:\WINDOWS\SYSTEM32\WINMM.dll
0x00007ff9eff60000 - 0x00007ff9eff73000 	C:\WINDOWS\SYSTEM32\UMPDC.dll
0x00007ff9ef170000 - 0x00007ff9ef188000 	C:\WINDOWS\SYSTEM32\kernel.appcore.dll
0x00007ff9ea6d0000 - 0x00007ff9ea6da000 	C:\Program Files\Java\jdk-22\bin\jimage.dll
0x00007ff9ed860000 - 0x00007ff9eda92000 	C:\WINDOWS\SYSTEM32\DBGHELP.DLL
0x00007ff9f1c10000 - 0x00007ff9f1f9e000 	C:\WINDOWS\System32\combase.dll
0x00007ff9f2450000 - 0x00007ff9f2527000 	C:\WINDOWS\System32\OLEAUT32.dll
0x00007ff9cf220000 - 0x00007ff9cf252000 	C:\WINDOWS\SYSTEM32\dbgcore.DLL
0x00007ff9f02b0000 - 0x00007ff9f032b000 	C:\WINDOWS\System32\bcryptPrimitives.dll
0x00007ff9d7520000 - 0x00007ff9d753e000 	C:\Program Files\Java\jdk-22\bin\java.dll
0x00007ff9f12a0000 - 0x00007ff9f1b09000 	C:\WINDOWS\System32\SHELL32.dll
0x00007ff9f20a0000 - 0x00007ff9f2245000 	C:\WINDOWS\System32\ole32.dll
0x00007ff9ee080000 - 0x00007ff9ee97f000 	C:\WINDOWS\SYSTEM32\windows.storage.dll
0x00007ff9edf40000 - 0x00007ff9ee07f000 	C:\WINDOWS\SYSTEM32\wintypes.dll
0x00007ff9f1b10000 - 0x00007ff9f1c09000 	C:\WINDOWS\System32\SHCORE.dll
0x00007ff9f2b30000 - 0x00007ff9f2b8e000 	C:\WINDOWS\System32\shlwapi.dll
0x00007ff9f0090000 - 0x00007ff9f00b7000 	C:\WINDOWS\SYSTEM32\profapi.dll
0x00007ff9bafe0000 - 0x00007ff9bb0b7000 	C:\Program Files\Java\jdk-22\bin\jsvml.dll
0x00007ff9e85f0000 - 0x00007ff9e8600000 	C:\Program Files\Java\jdk-22\bin\net.dll
0x00007ff9ef5e0000 - 0x00007ff9ef649000 	C:\WINDOWS\system32\mswsock.dll
0x00007ff9d7500000 - 0x00007ff9d7516000 	C:\Program Files\Java\jdk-22\bin\nio.dll
0x00007ff9d74e0000 - 0x00007ff9d74f7000 	C:\Program Files\Java\jdk-22\bin\zip.dll
0x00007ff9a6350000 - 0x00007ff9a64de000 	C:\Program Files\Java\jdk-22\bin\awt.dll
0x00007ff9ea440000 - 0x00007ff9ea4d7000 	C:\WINDOWS\SYSTEM32\apphelp.dll
0x00007ff9ed580000 - 0x00007ff9ed5ab000 	C:\WINDOWS\system32\DWMAPI.DLL
0x00007ff9ed2f0000 - 0x00007ff9ed3a1000 	C:\WINDOWS\system32\uxtheme.dll
0x00007ff9c0850000 - 0x00007ff9c0950000 	C:\WINDOWS\system32\opengl32.dll
0x00007ff9c0a10000 - 0x00007ff9c0a3d000 	C:\WINDOWS\SYSTEM32\GLU32.dll
0x00007ff9ed410000 - 0x00007ff9ed447000 	C:\WINDOWS\SYSTEM32\dxcore.dll
0x00007ff9f1140000 - 0x00007ff9f12a0000 	C:\WINDOWS\System32\MSCTF.dll
0x00007ff9b36f0000 - 0x00007ff9b3777000 	C:\Program Files\Java\jdk-22\bin\freetype.dll
0x00007ff9ab720000 - 0x00007ff9ab7f7000 	C:\Program Files\Java\jdk-22\bin\fontmanager.dll
0x00007ff9d5ef0000 - 0x00007ff9d6033000 	C:\WINDOWS\SYSTEM32\textinputframework.dll
0x00007ff9f2260000 - 0x00007ff9f2310000 	C:\WINDOWS\System32\clbcatq.dll
0x00007ff9ed100000 - 0x00007ff9ed2b1000 	C:\WINDOWS\SYSTEM32\WindowsCodecs.dll
0x00007ff9be290000 - 0x00007ff9be2ee000 	C:\WINDOWS\system32\dataexchange.dll
0x00007ff9e6380000 - 0x00007ff9e6622000 	C:\WINDOWS\system32\twinapi.appcore.dll
0x00007ff9e9d20000 - 0x00007ff9e9e53000 	C:\WINDOWS\SYSTEM32\CoreMessaging.dll
0x00007ff9e7440000 - 0x00007ff9e77ad000 	C:\WINDOWS\SYSTEM32\CoreUIComponents.dll
0x00007ff9ef820000 - 0x00007ff9ef82c000 	C:\WINDOWS\SYSTEM32\CRYPTBASE.DLL

dbghelp: loaded successfully - version: 4.0.5 - missing functions: none
symbol engine: initialized successfully - sym options: 0x614 - pdb path: .;C:\Program Files\Java\jdk-22\bin;C:\WINDOWS\SYSTEM32;C:\WINDOWS\WinSxS\amd64_microsoft.windows.common-controls_6595b64144ccf1df_6.0.22621.3672_none_2713b9d173822955;C:\Program Files\Java\jdk-22\bin\server

VM Arguments:
jvm_args: -Dfile.encoding=UTF-8 -Dstdout.encoding=UTF-8 -Dstderr.encoding=UTF-8 -XX:+ShowCodeDetailsInExceptionMessages 
java_command: com.Breakout
java_class_path (initial): D:\CodeJavaE\OOP\target\classes;C:\Users\nguye\.m2\repository\com\microsoft\sqlserver\mssql-jdbc\12.8.1.jre11\mssql-jdbc-12.8.1.jre11.jar
Launcher Type: SUN_STANDARD

[Global flags]
     intx CICompilerCount                          = 4                                         {product} {ergonomic}
     uint ConcGCThreads                            = 2                                         {product} {ergonomic}
     uint G1ConcRefinementThreads                  = 8                                         {product} {ergonomic}
   size_t G1HeapRegionSize                         = 1048576                                   {product} {ergonomic}
   size_t InitialHeapSize                          = 130023424                                 {product} {ergonomic}
   size_t MarkStackSize                            = 4194304                                   {product} {ergonomic}
   size_t MaxHeapSize                              = 2065694720                                {product} {ergonomic}
   size_t MaxNewSize                               = 1239416832                                {product} {ergonomic}
   size_t MinHeapDeltaBytes                        = 1048576                                   {product} {ergonomic}
   size_t MinHeapSize                              = 8388608                                   {product} {ergonomic}
    uintx NonNMethodCodeHeapSize                   = 5839372                                {pd product} {ergonomic}
    uintx NonProfiledCodeHeapSize                  = 122909434                              {pd product} {ergonomic}
    uintx ProfiledCodeHeapSize                     = 122909434                              {pd product} {ergonomic}
    uintx ReservedCodeCacheSize                    = 251658240                              {pd product} {ergonomic}
     bool SegmentedCodeCache                       = true                                      {product} {ergonomic}
     bool ShowCodeDetailsInExceptionMessages       = true                                   {manageable} {command line}
   size_t SoftMaxHeapSize                          = 2065694720                             {manageable} {ergonomic}
     bool UseCompressedOops                        = true                           {product lp64_product} {ergonomic}
     bool UseG1GC                                  = true                                      {product} {ergonomic}
     bool UseLargePagesIndividualAllocation        = false                                  {pd product} {ergonomic}

Logging:
Log output configuration:
 #0: stdout all=warning uptime,level,tags foldmultilines=false
 #1: stderr all=off uptime,level,tags foldmultilines=false

Environment Variables:
PATH=C:\Program Files (x86)\VMware\VMware Workstation\bin\;C:\Program Files\Microsoft MPI\Bin\;C:\Program Files\Common Files\Oracle\Java\javapath;C:\WINDOWS\system32;C:\WINDOWS;C:\WINDOWS\System32\Wbem;C:\WINDOWS\System32\WindowsPowerShell\v1.0\;C:\WINDOWS\System32\OpenSSH\;C:\Program Files\HP\HP One Agent;C:\msys64\ucrt64\bin;C:\Program Files (x86)\Microsoft SQL Server\160\Tools\Binn\;C:\Program Files\Microsoft SQL Server\160\Tools\Binn\;C:\Program Files\Microsoft SQL Server\Client SDK\ODBC\170\Tools\Binn\;C:\Program Files\Microsoft SQL Server\160\DTS\Binn\;C:\Program Files (x86)\Microsoft SQL Server\160\DTS\Binn\;C:\Program Files\Azure Data Studio\bin;C:\Program Files\Git\cmd;C:\Users\nguye\AppData\Local\Programs\Python\Python312\Scripts\;C:\Users\nguye\AppData\Local\Programs\Python\Python312\;C:\Users\nguye\AppData\Local\Programs\Python\Launcher\;C:\Users\nguye\AppData\Local\Microsoft\WindowsApps;C:\Users\nguye\AppData\Local\Programs\Microsoft VS Code\bin;C:\Program Files\Azure Data Studio\bin
USERNAME=nguye
OS=Windows_NT
PROCESSOR_IDENTIFIER=Intel64 Family 6 Model 126 Stepping 5, GenuineIntel
TMP=C:\Users\nguye\AppData\Local\Temp
TEMP=C:\Users\nguye\AppData\Local\Temp




Periodic native trim disabled

---------------  S Y S T E M  ---------------

OS:
 Windows 11 , 64 bit Build 22621 (10.0.22621.3958)
OS uptime: 0 days 13:09 hours
Hyper-V role detected

CPU: total 8 (initial active 8) (4 cores per cpu, 2 threads per core) family 6 model 126 stepping 5 microcode 0xbc, cx8, cmov, fxsr, ht, mmx, 3dnowpref, sse, sse2, sse3, ssse3, sse4.1, sse4.2, popcnt, lzcnt, tsc, tscinvbit, avx, avx2, aes, erms, clmul, bmi1, bmi2, adx, avx512f, avx512dq, avx512cd, avx512bw, avx512vl, sha, fma, vzeroupper, avx512_vpopcntdq, avx512_vpclmulqdq, avx512_vaes, avx512_vnni, clflush, clflushopt, avx512_vbmi2, avx512_vbmi, hv, rdtscp, rdpid, fsrm, gfni, avx512_bitalg, f16c, avx512_ifma
Processor Information for all 8 processors :
  Max Mhz: 1201, Current Mhz: 1201, Mhz Limit: 1201

Memory: 4k page, system-wide physical 7879M (337M free)
TotalPageFile size 32455M (AvailPageFile size 2M)
current process WorkingSet (physical memory assigned to process): 91M, peak: 93M
current process commit charge ("private bytes"): 229M, peak: 233M

vm_info: Java HotSpot(TM) 64-Bit Server VM (22.0.1+8-16) for windows-amd64 JRE (22.0.1+8-16), built on 2024-03-12T10:33:16Z by "mach5one" with MS VC++ 17.6 (VS2022)

END.
